[0823/185235.618:ERROR:process_reader_win.cc(151)] SuspendThread: Access is denied. (0x5)
[0823/185235.619:ERROR:process_reader_win.cc(151)] SuspendThread: Access is denied. (0x5)
[0823/185235.620:ERROR:process_reader_win.cc(151)] SuspendThread: Access is denied. (0x5)
[0823/185235.620:ERROR:exception_snapshot_win.cc(98)] thread ID 112676 not found in process
[0824/102159.063:ERROR:process_memory_win.cc(73)] ReadMemory at 0x7ff770d40000 of 64 bytes failed: Only part of a ReadProcessMemory or WriteProcessMemory request was completed. (0x12B)
[0824/102159.066:WARNING:pe_image_reader.cc(340)] could not read dos header from C:\Program Files (x86)\Google\Chrome\Application\chrome.exe
[0824/102159.067:ERROR:process_memory_win.cc(73)] ReadMemory at 0x7ffd591c0000 of 64 bytes failed: Only part of a ReadProcessMemory or WriteProcessMemory request was completed. (0x12B)
[0824/102159.068:WARNING:pe_image_reader.cc(340)] could not read dos header from C:\WINDOWS\SYSTEM32\ntdll.dll
[0824/102159.068:ERROR:process_memory_win.cc(73)] ReadMemory at 0x7ffd57310000 of 64 bytes failed: Only part of a ReadProcessMemory or WriteProcessMemory request was completed. (0x12B)
[0824/102159.068:WARNING:pe_image_reader.cc(340)] could not read dos header from C:\WINDOWS\System32\KERNEL32.DLL
[0824/102159.068:ERROR:process_memory_win.cc(73)] ReadMemory at 0x7ffd56280000 of 64 bytes failed: Only part of a ReadProcessMemory or WriteProcessMemory request was completed. (0x12B)
[0824/102159.068:WARNING:pe_image_reader.cc(340)] could not read dos header from C:\WINDOWS\System32\KERNELBASE.dll
[0824/102159.068:ERROR:process_memory_win.cc(73)] ReadMemory at 0x7ffd227f0000 of 64 bytes failed: Only part of a ReadProcessMemory or WriteProcessMemory request was completed. (0x12B)
[0824/102159.068:WARNING:pe_image_reader.cc(340)] could not read dos header from C:\Program Files (x86)\Google\Chrome\Application\76.0.3809.100\chrome_elf.dll
[0824/102159.068:ERROR:process_memory_win.cc(73)] ReadMemory at 0x7ffd4d3d0000 of 64 bytes failed: Only part of a ReadProcessMemory or WriteProcessMemory request was completed. (0x12B)
[0824/102159.068:WARNING:pe_image_reader.cc(340)] could not read dos header from C:\WINDOWS\SYSTEM32\VERSION.dll
[0824/102159.068:ERROR:process_memory_win.cc(73)] ReadMemory at 0x7ffd590f0000 of 64 bytes failed: Only part of a ReadProcessMemory or WriteProcessMemory request was completed. (0x12B)
[0824/102159.068:WARNING:pe_image_reader.cc(340)] could not read dos header from C:\WINDOWS\System32\msvcrt.dll
[0824/102159.068:ERROR:process_memory_win.cc(73)] ReadMemory at 0x7ffd56200000 of 64 bytes failed: Only part of a ReadProcessMemory or WriteProcessMemory request was completed. (0x12B)
[0824/102159.068:WARNING:pe_image_reader.cc(340)] could not read dos header from C:\WINDOWS\System32\bcryptPrimitives.dll
[0824/102159.068:ERROR:process_memory_win.cc(73)] ReadMemory at 0x7ffd57590000 of 64 bytes failed: Only part of a ReadProcessMemory or WriteProcessMemory request was completed. (0x12B)
[0824/102159.068:WARNING:pe_image_reader.cc(340)] could not read dos header from C:\WINDOWS\System32\ADVAPI32.dll
[0824/102159.068:ERROR:process_memory_win.cc(73)] ReadMemory at 0x7ffd59090000 of 64 bytes failed: Only part of a ReadProcessMemory or WriteProcessMemory request was completed. (0x12B)
[0824/102159.069:WARNING:pe_image_reader.cc(340)] could not read dos header from C:\WINDOWS\System32\sechost.dll
[0824/102159.069:ERROR:process_memory_win.cc(73)] ReadMemory at 0x7ffd56d80000 of 64 bytes failed: Only part of a ReadProcessMemory or WriteProcessMemory request was completed. (0x12B)
[0824/102159.069:WARNING:pe_image_reader.cc(340)] could not read dos header from C:\WINDOWS\System32\RPCRT4.dll
[0824/102159.069:ERROR:process_memory_win.cc(73)] ReadMemory at 0x7ffd047d0000 of 64 bytes failed: Only part of a ReadProcessMemory or WriteProcessMemory request was completed. (0x12B)
[0824/102159.069:WARNING:pe_image_reader.cc(340)] could not read dos header from C:\Program Files (x86)\Google\Chrome\Application\76.0.3809.100\chrome_child.dll
[0824/102159.069:ERROR:process_memory_win.cc(73)] ReadMemory at 0x7ffd56bc0000 of 64 bytes failed: Only part of a ReadProcessMemory or WriteProcessMemory request was completed. (0x12B)
[0824/102159.069:WARNING:pe_image_reader.cc(340)] could not read dos header from C:\WINDOWS\System32\OLEAUT32.dll
[0824/102159.069:ERROR:process_memory_win.cc(73)] ReadMemory at 0x7ffd55640000 of 64 bytes failed: Only part of a ReadProcessMemory or WriteProcessMemory request was completed. (0x12B)
[0824/102159.069:WARNING:pe_image_reader.cc(340)] could not read dos header from C:\WINDOWS\System32\msvcp_win.dll
[0824/102159.069:ERROR:process_memory_win.cc(73)] ReadMemory at 0x7ffd56550000 of 64 bytes failed: Only part of a ReadProcessMemory or WriteProcessMemory request was completed. (0x12B)
[0824/102159.069:WARNING:pe_image_reader.cc(340)] could not read dos header from C:\WINDOWS\System32\ucrtbase.dll
[0824/102159.069:ERROR:process_memory_win.cc(73)] ReadMemory at 0x7ffd567f0000 of 64 bytes failed: Only part of a ReadProcessMemory or WriteProcessMemory request was completed. (0x12B)
[0824/102159.069:WARNING:pe_image_reader.cc(340)] could not read dos header from C:\WINDOWS\System32\combase.dll
[0824/102159.069:ERROR:process_memory_win.cc(73)] ReadMemory at 0x7ffd58e40000 of 64 bytes failed: Only part of a ReadProcessMemory or WriteProcessMemory request was completed. (0x12B)
[0824/102159.069:WARNING:pe_image_reader.cc(340)] could not read dos header from C:\WINDOWS\System32\WS2_32.dll
[0824/102159.069:ERROR:process_memory_win.cc(73)] ReadMemory at 0x7ffd58db0000 of 64 bytes failed: Only part of a ReadProcessMemory or WriteProcessMemory request was completed. (0x12B)
[0824/102159.069:WARNING:pe_image_reader.cc(340)] could not read dos header from C:\WINDOWS\System32\GDI32.dll
[0824/102159.069:ERROR:process_memory_win.cc(73)] ReadMemory at 0x7ffd55740000 of 64 bytes failed: Only part of a ReadProcessMemory or WriteProcessMemory request was completed. (0x12B)
[0824/102159.069:WARNING:pe_image_reader.cc(340)] could not read dos header from C:\WINDOWS\System32\gdi32full.dll
[0824/102159.069:ERROR:process_memory_win.cc(73)] ReadMemory at 0x7ffd576f0000 of 64 bytes failed: Only part of a ReadProcessMemory or WriteProcessMemory request was completed. (0x12B)
[0824/102159.069:WARNING:pe_image_reader.cc(340)] could not read dos header from C:\WINDOWS\System32\USER32.dll
[0824/102159.069:ERROR:process_memory_win.cc(73)] ReadMemory at 0x7ffd561e0000 of 64 bytes failed: Only part of a ReadProcessMemory or WriteProcessMemory request was completed. (0x12B)
[0824/102159.070:WARNING:pe_image_reader.cc(340)] could not read dos header from C:\WINDOWS\System32\win32u.dll
[0824/102159.070:ERROR:process_memory_win.cc(73)] ReadMemory at 0x7ffd556e0000 of 64 bytes failed: Only part of a ReadProcessMemory or WriteProcessMemory request was completed. (0x12B)
[0824/102159.070:WARNING:pe_image_reader.cc(340)] could not read dos header from C:\WINDOWS\System32\WINTRUST.dll
[0824/102159.070:ERROR:process_memory_win.cc(73)] ReadMemory at 0x7ffd55510000 of 64 bytes failed: Only part of a ReadProcessMemory or WriteProcessMemory request was completed. (0x12B)
[0824/102159.070:WARNING:pe_image_reader.cc(340)] could not read dos header from C:\WINDOWS\System32\MSASN1.dll
[0824/102159.070:ERROR:process_memory_win.cc(73)] ReadMemory at 0x7ffd55ff0000 of 64 bytes failed: Only part of a ReadProcessMemory or WriteProcessMemory request was completed. (0x12B)
[0824/102159.070:WARNING:pe_image_reader.cc(340)] could not read dos header from C:\WINDOWS\System32\CRYPT32.dll
[0824/102159.070:ERROR:process_memory_win.cc(73)] ReadMemory at 0x7ffd54a40000 of 64 bytes failed: Only part of a ReadProcessMemory or WriteProcessMemory request was completed. (0x12B)
[0824/102159.070:WARNING:pe_image_reader.cc(340)] could not read dos header from C:\WINDOWS\SYSTEM32\IPHLPAPI.DLL
[0824/102159.070:ERROR:process_memory_win.cc(73)] ReadMemory at 0x7ffd52a90000 of 64 bytes failed: Only part of a ReadProcessMemory or WriteProcessMemory request was completed. (0x12B)
[0824/102159.070:WARNING:pe_image_reader.cc(340)] could not read dos header from C:\WINDOWS\SYSTEM32\WINMM.dll
[0824/102159.070:ERROR:process_memory_win.cc(73)] ReadMemory at 0x7ffd553d0000 of 64 bytes failed: Only part of a ReadProcessMemory or WriteProcessMemory request was completed. (0x12B)
[0824/102159.070:WARNING:pe_image_reader.cc(340)] could not read dos header from C:\WINDOWS\SYSTEM32\USERENV.dll
[0824/102159.070:ERROR:process_memory_win.cc(73)] ReadMemory at 0x7ffd554f0000 of 64 bytes failed: Only part of a ReadProcessMemory or WriteProcessMemory request was completed. (0x12B)
[0824/102159.070:WARNING:pe_image_reader.cc(340)] could not read dos header from C:\WINDOWS\System32\profapi.dll
[0824/102159.070:ERROR:process_memory_win.cc(73)] ReadMemory at 0x7ffd3f350000 of 64 bytes failed: Only part of a ReadProcessMemory or WriteProcessMemory request was completed. (0x12B)
[0824/102159.070:WARNING:pe_image_reader.cc(340)] could not read dos header from C:\WINDOWS\SYSTEM32\DWrite.dll
[0824/102159.070:ERROR:process_memory_win.cc(73)] ReadMemory at 0x7ffd4f330000 of 64 bytes failed: Only part of a ReadProcessMemory or WriteProcessMemory request was completed. (0x12B)
[0824/102159.070:WARNING:pe_image_reader.cc(340)] could not read dos header from C:\WINDOWS\SYSTEM32\WINSPOOL.DRV
[0824/102159.070:ERROR:process_memory_win.cc(73)] ReadMemory at 0x7ffd554d0000 of 64 bytes failed: Only part of a ReadProcessMemory or WriteProcessMemory request was completed. (0x12B)
[0824/102159.070:WARNING:pe_image_reader.cc(340)] could not read dos header from C:\WINDOWS\System32\kernel.appcore.dll
[0824/102159.070:ERROR:process_memory_win.cc(73)] ReadMemory at 0x7ffd3e7d0000 of 64 bytes failed: Only part of a ReadProcessMemory or WriteProcessMemory request was completed. (0x12B)
[0824/102159.071:WARNING:pe_image_reader.cc(340)] could not read dos header from C:\WINDOWS\SYSTEM32\dbghelp.dll
[0824/102159.071:ERROR:process_memory_win.cc(73)] ReadMemory at 0x7ffd4f9f0000 of 64 bytes failed: Only part of a ReadProcessMemory or WriteProcessMemory request was completed. (0x12B)
[0824/102159.071:WARNING:pe_image_reader.cc(340)] could not read dos header from C:\WINDOWS\SYSTEM32\WINHTTP.dll
[0824/102159.071:ERROR:process_memory_win.cc(73)] ReadMemory at 0x7ffd4b2c0000 of 64 bytes failed: Only part of a ReadProcessMemory or WriteProcessMemory request was completed. (0x12B)
[0824/102159.071:WARNING:pe_image_reader.cc(340)] could not read dos header from C:\WINDOWS\SYSTEM32\Secur32.dll
[0824/102159.071:ERROR:process_memory_win.cc(73)] ReadMemory at 0x7ffd4ec50000 of 64 bytes failed: Only part of a ReadProcessMemory or WriteProcessMemory request was completed. (0x12B)
[0824/102159.071:WARNING:pe_image_reader.cc(340)] could not read dos header from C:\WINDOWS\SYSTEM32\dhcpcsvc.DLL
[0824/102159.071:ERROR:process_memory_win.cc(73)] ReadMemory at 0x7ffd56eb0000 of 64 bytes failed: Only part of a ReadProcessMemory or WriteProcessMemory request was completed. (0x12B)
[0824/102159.071:WARNING:pe_image_reader.cc(340)] could not read dos header from C:\WINDOWS\System32\NSI.dll
[0824/102159.071:ERROR:process_memory_win.cc(73)] ReadMemory at 0x7ffd52a60000 of 64 bytes failed: Only part of a ReadProcessMemory or WriteProcessMemory request was completed. (0x12B)
[0824/102159.071:WARNING:pe_image_reader.cc(340)] could not read dos header from C:\WINDOWS\SYSTEM32\WINMMBASE.dll
[0824/102159.071:ERROR:process_memory_win.cc(73)] ReadMemory at 0x7ffd56500000 of 64 bytes failed: Only part of a ReadProcessMemory or WriteProcessMemory request was completed. (0x12B)
[0824/102159.071:WARNING:pe_image_reader.cc(340)] could not read dos header from C:\WINDOWS\System32\cfgmgr32.dll
[0824/102159.071:ERROR:process_memory_win.cc(73)] ReadMemory at 0x7ffd51f80000 of 64 bytes failed: Only part of a ReadProcessMemory or WriteProcessMemory request was completed. (0x12B)
[0824/102159.071:WARNING:pe_image_reader.cc(340)] could not read dos header from C:\WINDOWS\SYSTEM32\PROPSYS.dll
[0824/102159.071:ERROR:process_memory_win.cc(73)] ReadMemory at 0x7ffd58d00000 of 64 bytes failed: Only part of a ReadProcessMemory or WriteProcessMemory request was completed. (0x12B)
[0824/102159.071:WARNING:pe_image_reader.cc(340)] could not read dos header from C:\WINDOWS\System32\shcore.dll
[0824/102159.071:ERROR:process_memory_win.cc(73)] ReadMemory at 0x7ffd54fd0000 of 64 bytes failed: Only part of a ReadProcessMemory or WriteProcessMemory request was completed. (0x12B)
[0824/102159.071:WARNING:pe_image_reader.cc(340)] could not read dos header from C:\WINDOWS\SYSTEM32\bcrypt.dll
[0824/102159.071:ERROR:process_memory_win.cc(73)] ReadMemory at 0x7ffd55400000 of 64 bytes failed: Only part of a ReadProcessMemory or WriteProcessMemory request was completed. (0x12B)
[0824/102159.071:WARNING:pe_image_reader.cc(340)] could not read dos header from C:\WINDOWS\SYSTEM32\SSPICLI.DLL
[0824/102159.071:ERROR:process_memory_win.cc(73)] ReadMemory at 0x7ffd58cc0000 of 64 bytes failed: Only part of a ReadProcessMemory or WriteProcessMemory request was completed. (0x12B)
[0824/102159.071:WARNING:pe_image_reader.cc(340)] could not read dos header from C:\WINDOWS\System32\IMM32.DLL
[0824/102159.072:ERROR:process_memory_win.cc(73)] ReadMemory at 0x7ffd54ec0000 of 64 bytes failed: Only part of a ReadProcessMemory or WriteProcessMemory request was completed. (0x12B)
[0824/102159.072:WARNING:pe_image_reader.cc(340)] could not read dos header from C:\WINDOWS\SYSTEM32\CRYPTBASE.DLL
[0824/102159.072:ERROR:process_memory_win.cc(73)] ReadMemory at 0x7ff770d40000 of 64 bytes failed: Only part of a ReadProcessMemory or WriteProcessMemory request was completed. (0x12B)
[0824/102159.072:WARNING:pe_image_reader.cc(340)] could not read dos header from C:\Program Files (x86)\Google\Chrome\Application\chrome.exe
[0824/102159.072:ERROR:process_memory_win.cc(73)] ReadMemory at 0x7ffd591c0000 of 64 bytes failed: Only part of a ReadProcessMemory or WriteProcessMemory request was completed. (0x12B)
[0824/102159.072:WARNING:pe_image_reader.cc(340)] could not read dos header from C:\WINDOWS\SYSTEM32\ntdll.dll
[0824/102159.072:ERROR:process_memory_win.cc(73)] ReadMemory at 0x7ffd57310000 of 64 bytes failed: Only part of a ReadProcessMemory or WriteProcessMemory request was completed. (0x12B)
[0824/102159.072:WARNING:pe_image_reader.cc(340)] could not read dos header from C:\WINDOWS\System32\KERNEL32.DLL
[0824/102159.072:ERROR:process_memory_win.cc(73)] ReadMemory at 0x7ffd56280000 of 64 bytes failed: Only part of a ReadProcessMemory or WriteProcessMemory request was completed. (0x12B)
[0824/102159.072:WARNING:pe_image_reader.cc(340)] could not read dos header from C:\WINDOWS\System32\KERNELBASE.dll
[0824/102159.072:ERROR:process_memory_win.cc(73)] ReadMemory at 0x7ffd227f0000 of 64 bytes failed: Only part of a ReadProcessMemory or WriteProcessMemory request was completed. (0x12B)
[0824/102159.072:WARNING:pe_image_reader.cc(340)] could not read dos header from C:\Program Files (x86)\Google\Chrome\Application\76.0.3809.100\chrome_elf.dll
[0824/102159.072:ERROR:process_memory_win.cc(73)] ReadMemory at 0x7ffd4d3d0000 of 64 bytes failed: Only part of a ReadProcessMemory or WriteProcessMemory request was completed. (0x12B)
[0824/102159.072:WARNING:pe_image_reader.cc(340)] could not read dos header from C:\WINDOWS\SYSTEM32\VERSION.dll
[0824/102159.072:ERROR:process_memory_win.cc(73)] ReadMemory at 0x7ffd590f0000 of 64 bytes failed: Only part of a ReadProcessMemory or WriteProcessMemory request was completed. (0x12B)
[0824/102159.072:WARNING:pe_image_reader.cc(340)] could not read dos header from C:\WINDOWS\System32\msvcrt.dll
[0824/102159.072:ERROR:process_memory_win.cc(73)] ReadMemory at 0x7ffd56200000 of 64 bytes failed: Only part of a ReadProcessMemory or WriteProcessMemory request was completed. (0x12B)
[0824/102159.072:WARNING:pe_image_reader.cc(340)] could not read dos header from C:\WINDOWS\System32\bcryptPrimitives.dll
[0824/102159.072:ERROR:process_memory_win.cc(73)] ReadMemory at 0x7ffd57590000 of 64 bytes failed: Only part of a ReadProcessMemory or WriteProcessMemory request was completed. (0x12B)
[0824/102159.072:WARNING:pe_image_reader.cc(340)] could not read dos header from C:\WINDOWS\System32\ADVAPI32.dll
[0824/102159.072:ERROR:process_memory_win.cc(73)] ReadMemory at 0x7ffd59090000 of 64 bytes failed: Only part of a ReadProcessMemory or WriteProcessMemory request was completed. (0x12B)
[0824/102159.072:WARNING:pe_image_reader.cc(340)] could not read dos header from C:\WINDOWS\System32\sechost.dll
[0824/102159.072:ERROR:process_memory_win.cc(73)] ReadMemory at 0x7ffd56d80000 of 64 bytes failed: Only part of a ReadProcessMemory or WriteProcessMemory request was completed. (0x12B)
[0824/102159.073:WARNING:pe_image_reader.cc(340)] could not read dos header from C:\WINDOWS\System32\RPCRT4.dll
[0824/102159.073:ERROR:process_memory_win.cc(73)] ReadMemory at 0x7ffd047d0000 of 64 bytes failed: Only part of a ReadProcessMemory or WriteProcessMemory request was completed. (0x12B)
[0824/102159.073:WARNING:pe_image_reader.cc(340)] could not read dos header from C:\Program Files (x86)\Google\Chrome\Application\76.0.3809.100\chrome_child.dll
[0824/102159.073:ERROR:process_memory_win.cc(73)] ReadMemory at 0x7ffd56bc0000 of 64 bytes failed: Only part of a ReadProcessMemory or WriteProcessMemory request was completed. (0x12B)
[0824/102159.073:WARNING:pe_image_reader.cc(340)] could not read dos header from C:\WINDOWS\System32\OLEAUT32.dll
[0824/102159.073:ERROR:process_memory_win.cc(73)] ReadMemory at 0x7ffd55640000 of 64 bytes failed: Only part of a ReadProcessMemory or WriteProcessMemory request was completed. (0x12B)
[0824/102159.073:WARNING:pe_image_reader.cc(340)] could not read dos header from C:\WINDOWS\System32\msvcp_win.dll
[0824/102159.073:ERROR:process_memory_win.cc(73)] ReadMemory at 0x7ffd56550000 of 64 bytes failed: Only part of a ReadProcessMemory or WriteProcessMemory request was completed. (0x12B)
[0824/102159.073:WARNING:pe_image_reader.cc(340)] could not read dos header from C:\WINDOWS\System32\ucrtbase.dll
[0824/102159.073:ERROR:process_memory_win.cc(73)] ReadMemory at 0x7ffd567f0000 of 64 bytes failed: Only part of a ReadProcessMemory or WriteProcessMemory request was completed. (0x12B)
[0824/102159.073:WARNING:pe_image_reader.cc(340)] could not read dos header from C:\WINDOWS\System32\combase.dll
[0824/102159.073:ERROR:process_memory_win.cc(73)] ReadMemory at 0x7ffd58e40000 of 64 bytes failed: Only part of a ReadProcessMemory or WriteProcessMemory request was completed. (0x12B)
[0824/102159.073:WARNING:pe_image_reader.cc(340)] could not read dos header from C:\WINDOWS\System32\WS2_32.dll
[0824/102159.073:ERROR:process_memory_win.cc(73)] ReadMemory at 0x7ffd58db0000 of 64 bytes failed: Only part of a ReadProcessMemory or WriteProcessMemory request was completed. (0x12B)
[0824/102159.073:WARNING:pe_image_reader.cc(340)] could not read dos header from C:\WINDOWS\System32\GDI32.dll
[0824/102159.073:ERROR:process_memory_win.cc(73)] ReadMemory at 0x7ffd55740000 of 64 bytes failed: Only part of a ReadProcessMemory or WriteProcessMemory request was completed. (0x12B)
[0824/102159.073:WARNING:pe_image_reader.cc(340)] could not read dos header from C:\WINDOWS\System32\gdi32full.dll
[0824/102159.073:ERROR:process_memory_win.cc(73)] ReadMemory at 0x7ffd576f0000 of 64 bytes failed: Only part of a ReadProcessMemory or WriteProcessMemory request was completed. (0x12B)
[0824/102159.073:WARNING:pe_image_reader.cc(340)] could not read dos header from C:\WINDOWS\System32\USER32.dll
[0824/102159.073:ERROR:process_memory_win.cc(73)] ReadMemory at 0x7ffd561e0000 of 64 bytes failed: Only part of a ReadProcessMemory or WriteProcessMemory request was completed. (0x12B)
[0824/102159.073:WARNING:pe_image_reader.cc(340)] could not read dos header from C:\WINDOWS\System32\win32u.dll
[0824/102159.073:ERROR:process_memory_win.cc(73)] ReadMemory at 0x7ffd556e0000 of 64 bytes failed: Only part of a ReadProcessMemory or WriteProcessMemory request was completed. (0x12B)
[0824/102159.073:WARNING:pe_image_reader.cc(340)] could not read dos header from C:\WINDOWS\System32\WINTRUST.dll
[0824/102159.074:ERROR:process_memory_win.cc(73)] ReadMemory at 0x7ffd55510000 of 64 bytes failed: Only part of a ReadProcessMemory or WriteProcessMemory request was completed. (0x12B)
[0824/102159.074:WARNING:pe_image_reader.cc(340)] could not read dos header from C:\WINDOWS\System32\MSASN1.dll
[0824/102159.074:ERROR:process_memory_win.cc(73)] ReadMemory at 0x7ffd55ff0000 of 64 bytes failed: Only part of a ReadProcessMemory or WriteProcessMemory request was completed. (0x12B)
[0824/102159.074:WARNING:pe_image_reader.cc(340)] could not read dos header from C:\WINDOWS\System32\CRYPT32.dll
[0824/102159.074:ERROR:process_memory_win.cc(73)] ReadMemory at 0x7ffd54a40000 of 64 bytes failed: Only part of a ReadProcessMemory or WriteProcessMemory request was completed. (0x12B)
[0824/102159.074:WARNING:pe_image_reader.cc(340)] could not read dos header from C:\WINDOWS\SYSTEM32\IPHLPAPI.DLL
[0824/102159.074:ERROR:process_memory_win.cc(73)] ReadMemory at 0x7ffd52a90000 of 64 bytes failed: Only part of a ReadProcessMemory or WriteProcessMemory request was completed. (0x12B)
[0824/102159.074:WARNING:pe_image_reader.cc(340)] could not read dos header from C:\WINDOWS\SYSTEM32\WINMM.dll
[0824/102159.074:ERROR:process_memory_win.cc(73)] ReadMemory at 0x7ffd553d0000 of 64 bytes failed: Only part of a ReadProcessMemory or WriteProcessMemory request was completed. (0x12B)
[0824/102159.074:WARNING:pe_image_reader.cc(340)] could not read dos header from C:\WINDOWS\SYSTEM32\USERENV.dll
[0824/102159.074:ERROR:process_memory_win.cc(73)] ReadMemory at 0x7ffd554f0000 of 64 bytes failed: Only part of a ReadProcessMemory or WriteProcessMemory request was completed. (0x12B)
[0824/102159.074:WARNING:pe_image_reader.cc(340)] could not read dos header from C:\WINDOWS\System32\profapi.dll
[0824/102159.074:ERROR:process_memory_win.cc(73)] ReadMemory at 0x7ffd3f350000 of 64 bytes failed: Only part of a ReadProcessMemory or WriteProcessMemory request was completed. (0x12B)
[0824/102159.074:WARNING:pe_image_reader.cc(340)] could not read dos header from C:\WINDOWS\SYSTEM32\DWrite.dll
[0824/102159.074:ERROR:process_memory_win.cc(73)] ReadMemory at 0x7ffd4f330000 of 64 bytes failed: Only part of a ReadProcessMemory or WriteProcessMemory request was completed. (0x12B)
[0824/102159.074:WARNING:pe_image_reader.cc(340)] could not read dos header from C:\WINDOWS\SYSTEM32\WINSPOOL.DRV
[0824/102159.074:ERROR:process_memory_win.cc(73)] ReadMemory at 0x7ffd554d0000 of 64 bytes failed: Only part of a ReadProcessMemory or WriteProcessMemory request was completed. (0x12B)
[0824/102159.074:WARNING:pe_image_reader.cc(340)] could not read dos header from C:\WINDOWS\System32\kernel.appcore.dll
[0824/102159.074:ERROR:process_memory_win.cc(73)] ReadMemory at 0x7ffd3e7d0000 of 64 bytes failed: Only part of a ReadProcessMemory or WriteProcessMemory request was completed. (0x12B)
[0824/102159.074:WARNING:pe_image_reader.cc(340)] could not read dos header from C:\WINDOWS\SYSTEM32\dbghelp.dll
[0824/102159.074:ERROR:process_memory_win.cc(73)] ReadMemory at 0x7ffd4f9f0000 of 64 bytes failed: Only part of a ReadProcessMemory or WriteProcessMemory request was completed. (0x12B)
[0824/102159.074:WARNING:pe_image_reader.cc(340)] could not read dos header from C:\WINDOWS\SYSTEM32\WINHTTP.dll
[0824/102159.074:ERROR:process_memory_win.cc(73)] ReadMemory at 0x7ffd4b2c0000 of 64 bytes failed: Only part of a ReadProcessMemory or WriteProcessMemory request was completed. (0x12B)
[0824/102159.075:WARNING:pe_image_reader.cc(340)] could not read dos header from C:\WINDOWS\SYSTEM32\Secur32.dll
[0824/102159.075:ERROR:process_memory_win.cc(73)] ReadMemory at 0x7ffd4ec50000 of 64 bytes failed: Only part of a ReadProcessMemory or WriteProcessMemory request was completed. (0x12B)
[0824/102159.075:WARNING:pe_image_reader.cc(340)] could not read dos header from C:\WINDOWS\SYSTEM32\dhcpcsvc.DLL
[0824/102159.075:ERROR:process_memory_win.cc(73)] ReadMemory at 0x7ffd56eb0000 of 64 bytes failed: Only part of a ReadProcessMemory or WriteProcessMemory request was completed. (0x12B)
[0824/102159.075:WARNING:pe_image_reader.cc(340)] could not read dos header from C:\WINDOWS\System32\NSI.dll
[0824/102159.075:ERROR:process_memory_win.cc(73)] ReadMemory at 0x7ffd52a60000 of 64 bytes failed: Only part of a ReadProcessMemory or WriteProcessMemory request was completed. (0x12B)
[0824/102159.075:WARNING:pe_image_reader.cc(340)] could not read dos header from C:\WINDOWS\SYSTEM32\WINMMBASE.dll
[0824/102159.075:ERROR:process_memory_win.cc(73)] ReadMemory at 0x7ffd56500000 of 64 bytes failed: Only part of a ReadProcessMemory or WriteProcessMemory request was completed. (0x12B)
[0824/102159.075:WARNING:pe_image_reader.cc(340)] could not read dos header from C:\WINDOWS\System32\cfgmgr32.dll
[0824/102159.075:ERROR:process_memory_win.cc(73)] ReadMemory at 0x7ffd51f80000 of 64 bytes failed: Only part of a ReadProcessMemory or WriteProcessMemory request was completed. (0x12B)
[0824/102159.075:WARNING:pe_image_reader.cc(340)] could not read dos header from C:\WINDOWS\SYSTEM32\PROPSYS.dll
[0824/102159.075:ERROR:process_memory_win.cc(73)] ReadMemory at 0x7ffd58d00000 of 64 bytes failed: Only part of a ReadProcessMemory or WriteProcessMemory request was completed. (0x12B)
[0824/102159.075:WARNING:pe_image_reader.cc(340)] could not read dos header from C:\WINDOWS\System32\shcore.dll
[0824/102159.075:ERROR:process_memory_win.cc(73)] ReadMemory at 0x7ffd54fd0000 of 64 bytes failed: Only part of a ReadProcessMemory or WriteProcessMemory request was completed. (0x12B)
[0824/102159.075:WARNING:pe_image_reader.cc(340)] could not read dos header from C:\WINDOWS\SYSTEM32\bcrypt.dll
[0824/102159.075:ERROR:process_memory_win.cc(73)] ReadMemory at 0x7ffd55400000 of 64 bytes failed: Only part of a ReadProcessMemory or WriteProcessMemory request was completed. (0x12B)
[0824/102159.075:WARNING:pe_image_reader.cc(340)] could not read dos header from C:\WINDOWS\SYSTEM32\SSPICLI.DLL
[0824/102159.075:ERROR:process_memory_win.cc(73)] ReadMemory at 0x7ffd58cc0000 of 64 bytes failed: Only part of a ReadProcessMemory or WriteProcessMemory request was completed. (0x12B)
[0824/102159.075:WARNING:pe_image_reader.cc(340)] could not read dos header from C:\WINDOWS\System32\IMM32.DLL
[0824/102159.075:ERROR:process_memory_win.cc(73)] ReadMemory at 0x7ffd54ec0000 of 64 bytes failed: Only part of a ReadProcessMemory or WriteProcessMemory request was completed. (0x12B)
[0824/102159.075:WARNING:pe_image_reader.cc(340)] could not read dos header from C:\WINDOWS\SYSTEM32\CRYPTBASE.DLL
[0824/102159.090:ERROR:process_memory_win.cc(73)] ReadMemory at 0x96ee3f4000 of 49152 bytes failed: Only part of a ReadProcessMemory or WriteProcessMemory request was completed. (0x12B)
[0824/102159.091:ERROR:process_memory_win.cc(73)] ReadMemory at 0x96ee9fd000 of 12288 bytes failed: Only part of a ReadProcessMemory or WriteProcessMemory request was completed. (0x12B)
[0824/102159.091:ERROR:process_memory_win.cc(73)] ReadMemory at 0x96eedfd000 of 12288 bytes failed: Only part of a ReadProcessMemory or WriteProcessMemory request was completed. (0x12B)
[0824/102159.091:ERROR:process_memory_win.cc(73)] ReadMemory at 0x96eeffc000 of 16384 bytes failed: Only part of a ReadProcessMemory or WriteProcessMemory request was completed. (0x12B)
[0824/102159.091:ERROR:process_memory_win.cc(73)] ReadMemory at 0x96ef1fe000 of 8192 bytes failed: Only part of a ReadProcessMemory or WriteProcessMemory request was completed. (0x12B)
[0824/102159.091:ERROR:process_memory_win.cc(73)] ReadMemory at 0x96ef3fd000 of 12288 bytes failed: Only part of a ReadProcessMemory or WriteProcessMemory request was completed. (0x12B)
[0824/102159.092:ERROR:process_memory_win.cc(73)] ReadMemory at 0x96ef5fb000 of 20480 bytes failed: Only part of a ReadProcessMemory or WriteProcessMemory request was completed. (0x12B)
[0824/102159.092:ERROR:process_memory_win.cc(73)] ReadMemory at 0x96ef7fb000 of 20480 bytes failed: Only part of a ReadProcessMemory or WriteProcessMemory request was completed. (0x12B)
[0824/102159.092:ERROR:process_memory_win.cc(73)] ReadMemory at 0x96ef9fd000 of 12288 bytes failed: Only part of a ReadProcessMemory or WriteProcessMemory request was completed. (0x12B)
[0824/102159.092:ERROR:process_memory_win.cc(73)] ReadMemory at 0x96eebfd000 of 12288 bytes failed: Only part of a ReadProcessMemory or WriteProcessMemory request was completed. (0x12B)
[0824/102159.092:ERROR:process_memory_win.cc(73)] ReadMemory at 0x96ee7fd000 of 12288 bytes failed: Only part of a ReadProcessMemory or WriteProcessMemory request was completed. (0x12B)
[0824/102159.092:ERROR:process_memory_win.cc(73)] ReadMemory at 0x96ee0dc000 of 852 bytes failed: Only part of a ReadProcessMemory or WriteProcessMemory request was completed. (0x12B)
[0824/102159.092:ERROR:process_memory_win.cc(73)] ReadMemory at 0x96ee0dd000 of 6024 bytes failed: Only part of a ReadProcessMemory or WriteProcessMemory request was completed. (0x12B)
[0824/102159.093:ERROR:process_memory_win.cc(73)] ReadMemory at 0x96ee0e3000 of 6024 bytes failed: Only part of a ReadProcessMemory or WriteProcessMemory request was completed. (0x12B)
[0824/102159.093:ERROR:process_memory_win.cc(73)] ReadMemory at 0x96ee0e7000 of 6024 bytes failed: Only part of a ReadProcessMemory or WriteProcessMemory request was completed. (0x12B)
[0824/102159.093:ERROR:process_memory_win.cc(73)] ReadMemory at 0x96ee0e9000 of 6024 bytes failed: Only part of a ReadProcessMemory or WriteProcessMemory request was completed. (0x12B)
[0824/102159.093:ERROR:process_memory_win.cc(73)] ReadMemory at 0x96ee0eb000 of 6024 bytes failed: Only part of a ReadProcessMemory or WriteProcessMemory request was completed. (0x12B)
[0824/102159.093:ERROR:process_memory_win.cc(73)] ReadMemory at 0x96ee0ed000 of 6024 bytes failed: Only part of a ReadProcessMemory or WriteProcessMemory request was completed. (0x12B)
[0824/102159.093:ERROR:process_memory_win.cc(73)] ReadMemory at 0x96ee0ef000 of 6024 bytes failed: Only part of a ReadProcessMemory or WriteProcessMemory request was completed. (0x12B)
[0824/102159.093:ERROR:process_memory_win.cc(73)] ReadMemory at 0x96ee0f1000 of 6024 bytes failed: Only part of a ReadProcessMemory or WriteProcessMemory request was completed. (0x12B)
[0824/102159.094:ERROR:process_memory_win.cc(73)] ReadMemory at 0x96ee0f3000 of 6024 bytes failed: Only part of a ReadProcessMemory or WriteProcessMemory request was completed. (0x12B)
[0824/102159.094:ERROR:process_memory_win.cc(73)] ReadMemory at 0x96ee0fb000 of 6024 bytes failed: Only part of a ReadProcessMemory or WriteProcessMemory request was completed. (0x12B)
[0824/102159.094:ERROR:process_memory_win.cc(73)] ReadMemory at 0x96ee16d000 of 6024 bytes failed: Only part of a ReadProcessMemory or WriteProcessMemory request was completed. (0x12B)
[0824/102159.094:ERROR:process_memory_win.cc(73)] ReadMemory at 0x28b40e20730 of 158 bytes failed: Only part of a ReadProcessMemory or WriteProcessMemory request was completed. (0x12B)
[0824/102159.094:ERROR:process_memory_win.cc(73)] ReadMemory at 0x28b40e20fc0 of 5728 bytes failed: Only part of a ReadProcessMemory or WriteProcessMemory request was completed. (0x12B)
[0824/102159.094:ERROR:process_memory_win.cc(73)] ReadMemory at 0x28b40e22630 of 1012 bytes failed: Only part of a ReadProcessMemory or WriteProcessMemory request was completed. (0x12B)
[0824/102159.094:ERROR:process_memory_win.cc(73)] ReadMemory at 0x28b40e22c48 of 118 bytes failed: Only part of a ReadProcessMemory or WriteProcessMemory request was completed. (0x12B)
[0824/102159.094:ERROR:process_memory_win.cc(73)] ReadMemory at 0x28b40e22cc0 of 988 bytes failed: Only part of a ReadProcessMemory or WriteProcessMemory request was completed. (0x12B)
[0824/102159.094:ERROR:process_memory_win.cc(73)] ReadMemory at 0x28b40e2309e of 118 bytes failed: Only part of a ReadProcessMemory or WriteProcessMemory request was completed. (0x12B)
[0824/102159.095:ERROR:process_memory_win.cc(73)] ReadMemory at 0x28b40e23116 of 96 bytes failed: Only part of a ReadProcessMemory or WriteProcessMemory request was completed. (0x12B)
[0824/102159.095:ERROR:process_memory_win.cc(73)] ReadMemory at 0x28b40e23190 of 58 bytes failed: Only part of a ReadProcessMemory or WriteProcessMemory request was completed. (0x12B)
[0824/102159.095:ERROR:process_memory_win.cc(73)] ReadMemory at 0x28b40e23290 of 132 bytes failed: Only part of a ReadProcessMemory or WriteProcessMemory request was completed. (0x12B)
[0824/102159.095:ERROR:process_memory_win.cc(73)] ReadMemory at 0x28b40e23420 of 132 bytes failed: Only part of a ReadProcessMemory or WriteProcessMemory request was completed. (0x12B)
[0824/102159.095:ERROR:process_memory_win.cc(73)] ReadMemory at 0x28b40e235e0 of 126 bytes failed: Only part of a ReadProcessMemory or WriteProcessMemory request was completed. (0x12B)
[0824/102159.095:ERROR:process_memory_win.cc(73)] ReadMemory at 0x28b40e239c0 of 132 bytes failed: Only part of a ReadProcessMemory or WriteProcessMemory request was completed. (0x12B)
[0824/102159.095:ERROR:process_memory_win.cc(73)] ReadMemory at 0x28b40e23b50 of 64 bytes failed: Only part of a ReadProcessMemory or WriteProcessMemory request was completed. (0x12B)
[0824/102159.095:ERROR:process_memory_win.cc(73)] ReadMemory at 0x28b40e23d10 of 132 bytes failed: Only part of a ReadProcessMemory or WriteProcessMemory request was completed. (0x12B)
[0824/102159.095:ERROR:process_memory_win.cc(73)] ReadMemory at 0x28b40e23fa0 of 132 bytes failed: Only part of a ReadProcessMemory or WriteProcessMemory request was completed. (0x12B)
[0824/102159.095:ERROR:process_memory_win.cc(73)] ReadMemory at 0x28b40e24130 of 68 bytes failed: Only part of a ReadProcessMemory or WriteProcessMemory request was completed. (0x12B)
[0824/102159.095:ERROR:process_memory_win.cc(73)] ReadMemory at 0x28b40e250b0 of 132 bytes failed: Only part of a ReadProcessMemory or WriteProcessMemory request was completed. (0x12B)
[0824/102159.096:ERROR:process_memory_win.cc(73)] ReadMemory at 0x28b40e251e0 of 154 bytes failed: Only part of a ReadProcessMemory or WriteProcessMemory request was completed. (0x12B)
[0824/102159.096:ERROR:process_memory_win.cc(73)] ReadMemory at 0x28b40e25d10 of 132 bytes failed: Only part of a ReadProcessMemory or WriteProcessMemory request was completed. (0x12B)
[0824/102159.096:ERROR:process_memory_win.cc(73)] ReadMemory at 0x28b40e25f30 of 62 bytes failed: Only part of a ReadProcessMemory or WriteProcessMemory request was completed. (0x12B)
[0824/102159.096:ERROR:process_memory_win.cc(73)] ReadMemory at 0x28b40e26090 of 132 bytes failed: Only part of a ReadProcessMemory or WriteProcessMemory request was completed. (0x12B)
[0824/102159.096:ERROR:process_memory_win.cc(73)] ReadMemory at 0x28b40e26220 of 60 bytes failed: Only part of a ReadProcessMemory or WriteProcessMemory request was completed. (0x12B)
[0824/102159.096:ERROR:process_memory_win.cc(73)] ReadMemory at 0x28b40e2ab80 of 132 bytes failed: Only part of a ReadProcessMemory or WriteProcessMemory request was completed. (0x12B)
[0824/102159.096:ERROR:process_memory_win.cc(73)] ReadMemory at 0x28b40e2ad50 of 132 bytes failed: Only part of a ReadProcessMemory or WriteProcessMemory request was completed. (0x12B)
[0824/102159.096:ERROR:process_memory_win.cc(73)] ReadMemory at 0x28b40e2b470 of 80 bytes failed: Only part of a ReadProcessMemory or WriteProcessMemory request was completed. (0x12B)
[0824/102159.096:ERROR:process_memory_win.cc(73)] ReadMemory at 0x28b40e2bba0 of 62 bytes failed: Only part of a ReadProcessMemory or WriteProcessMemory request was completed. (0x12B)
[0824/102159.096:ERROR:process_memory_win.cc(73)] ReadMemory at 0x28b40e2bbf0 of 60 bytes failed: Only part of a ReadProcessMemory or WriteProcessMemory request was completed. (0x12B)
[0824/102159.096:ERROR:process_memory_win.cc(73)] ReadMemory at 0x28b40e2bc40 of 62 bytes failed: Only part of a ReadProcessMemory or WriteProcessMemory request was completed. (0x12B)
[0824/102159.096:ERROR:process_memory_win.cc(73)] ReadMemory at 0x28b40e2bc90 of 64 bytes failed: Only part of a ReadProcessMemory or WriteProcessMemory request was completed. (0x12B)
[0824/102159.097:ERROR:process_memory_win.cc(73)] ReadMemory at 0x28b40e2bce0 of 62 bytes failed: Only part of a ReadProcessMemory or WriteProcessMemory request was completed. (0x12B)
[0824/102159.097:ERROR:process_memory_win.cc(73)] ReadMemory at 0x28b40e2bd30 of 58 bytes failed: Only part of a ReadProcessMemory or WriteProcessMemory request was completed. (0x12B)
[0824/102159.097:ERROR:process_memory_win.cc(73)] ReadMemory at 0x28b40e2bdd0 of 60 bytes failed: Only part of a ReadProcessMemory or WriteProcessMemory request was completed. (0x12B)
[0824/102159.097:ERROR:process_memory_win.cc(73)] ReadMemory at 0x28b40e2be20 of 64 bytes failed: Only part of a ReadProcessMemory or WriteProcessMemory request was completed. (0x12B)
[0824/102159.097:ERROR:process_memory_win.cc(73)] ReadMemory at 0x28b40e2bec0 of 66 bytes failed: Only part of a ReadProcessMemory or WriteProcessMemory request was completed. (0x12B)
[0824/102159.097:ERROR:process_memory_win.cc(73)] ReadMemory at 0x28b40e2bf10 of 60 bytes failed: Only part of a ReadProcessMemory or WriteProcessMemory request was completed. (0x12B)
[0824/102159.097:ERROR:process_memory_win.cc(73)] ReadMemory at 0x28b40e2bf60 of 66 bytes failed: Only part of a ReadProcessMemory or WriteProcessMemory request was completed. (0x12B)
[0824/102159.097:ERROR:process_memory_win.cc(73)] ReadMemory at 0x28b40e2bfb0 of 64 bytes failed: Only part of a ReadProcessMemory or WriteProcessMemory request was completed. (0x12B)
[0824/102159.097:ERROR:process_memory_win.cc(73)] ReadMemory at 0x28b40e2c050 of 64 bytes failed: Only part of a ReadProcessMemory or WriteProcessMemory request was completed. (0x12B)
[0824/102159.097:ERROR:process_memory_win.cc(73)] ReadMemory at 0x28b40e2c0a0 of 58 bytes failed: Only part of a ReadProcessMemory or WriteProcessMemory request was completed. (0x12B)
[0824/102159.097:ERROR:process_memory_win.cc(73)] ReadMemory at 0x28b40e2c0f0 of 64 bytes failed: Only part of a ReadProcessMemory or WriteProcessMemory request was completed. (0x12B)
[0824/102159.097:ERROR:process_memory_win.cc(73)] ReadMemory at 0x28b40e2c140 of 60 bytes failed: Only part of a ReadProcessMemory or WriteProcessMemory request was completed. (0x12B)
[0824/102159.098:ERROR:process_memory_win.cc(73)] ReadMemory at 0x28b40e2c190 of 60 bytes failed: Only part of a ReadProcessMemory or WriteProcessMemory request was completed. (0x12B)
[0824/102159.098:ERROR:process_memory_win.cc(73)] ReadMemory at 0x28b40e2c1e0 of 60 bytes failed: Only part of a ReadProcessMemory or WriteProcessMemory request was completed. (0x12B)
[0824/102159.098:ERROR:process_memory_win.cc(73)] ReadMemory at 0x28b40e2c230 of 62 bytes failed: Only part of a ReadProcessMemory or WriteProcessMemory request was completed. (0x12B)
[0824/102159.098:ERROR:process_memory_win.cc(73)] ReadMemory at 0x28b40e2c280 of 62 bytes failed: Only part of a ReadProcessMemory or WriteProcessMemory request was completed. (0x12B)
[0824/102159.098:ERROR:process_memory_win.cc(73)] ReadMemory at 0x28b40e2c6f0 of 76 bytes failed: Only part of a ReadProcessMemory or WriteProcessMemory request was completed. (0x12B)
[0824/102159.098:ERROR:process_memory_win.cc(73)] ReadMemory at 0x28b40e2e590 of 132 bytes failed: Only part of a ReadProcessMemory or WriteProcessMemory request was completed. (0x12B)
[0824/102159.098:ERROR:process_memory_win.cc(73)] ReadMemory at 0x28b40e2e6c0 of 132 bytes failed: Only part of a ReadProcessMemory or WriteProcessMemory request was completed. (0x12B)
[0824/102159.098:ERROR:process_memory_win.cc(73)] ReadMemory at 0x28b40e2e7f0 of 132 bytes failed: Only part of a ReadProcessMemory or WriteProcessMemory request was completed. (0x12B)
[0824/102159.098:ERROR:process_memory_win.cc(73)] ReadMemory at 0x28b40e2e920 of 132 bytes failed: Only part of a ReadProcessMemory or WriteProcessMemory request was completed. (0x12B)
[0824/102159.098:ERROR:process_memory_win.cc(73)] ReadMemory at 0x28b40e2ea50 of 132 bytes failed: Only part of a ReadProcessMemory or WriteProcessMemory request was completed. (0x12B)
[0824/102159.098:ERROR:process_memory_win.cc(73)] ReadMemory at 0x28b40e2eb80 of 132 bytes failed: Only part of a ReadProcessMemory or WriteProcessMemory request was completed. (0x12B)
[0824/102159.099:ERROR:process_memory_win.cc(73)] ReadMemory at 0x28b40e2ecb0 of 132 bytes failed: Only part of a ReadProcessMemory or WriteProcessMemory request was completed. (0x12B)
[0824/102159.099:ERROR:process_memory_win.cc(73)] ReadMemory at 0x28b40e2ede0 of 132 bytes failed: Only part of a ReadProcessMemory or WriteProcessMemory request was completed. (0x12B)
[0824/102159.099:ERROR:process_memory_win.cc(73)] ReadMemory at 0x28b40e2ef10 of 132 bytes failed: Only part of a ReadProcessMemory or WriteProcessMemory request was completed. (0x12B)
[0824/102159.099:ERROR:process_memory_win.cc(73)] ReadMemory at 0x28b40e2f040 of 132 bytes failed: Only part of a ReadProcessMemory or WriteProcessMemory request was completed. (0x12B)
[0824/102159.099:ERROR:process_memory_win.cc(73)] ReadMemory at 0x28b40e2f170 of 132 bytes failed: Only part of a ReadProcessMemory or WriteProcessMemory request was completed. (0x12B)
[0824/102159.099:ERROR:process_memory_win.cc(73)] ReadMemory at 0x28b40e2f2a0 of 132 bytes failed: Only part of a ReadProcessMemory or WriteProcessMemory request was completed. (0x12B)
[0824/102159.099:ERROR:process_memory_win.cc(73)] ReadMemory at 0x28b40e30530 of 54 bytes failed: Only part of a ReadProcessMemory or WriteProcessMemory request was completed. (0x12B)
[0824/102159.099:ERROR:process_memory_win.cc(73)] ReadMemory at 0x28b40e309a0 of 132 bytes failed: Only part of a ReadProcessMemory or WriteProcessMemory request was completed. (0x12B)
[0824/102159.099:ERROR:process_memory_win.cc(73)] ReadMemory at 0x28b40e30fa0 of 132 bytes failed: Only part of a ReadProcessMemory or WriteProcessMemory request was completed. (0x12B)
[0824/102159.099:ERROR:process_memory_win.cc(73)] ReadMemory at 0x28b40e31ad0 of 132 bytes failed: Only part of a ReadProcessMemory or WriteProcessMemory request was completed. (0x12B)
[0824/102159.099:ERROR:process_memory_win.cc(73)] ReadMemory at 0x28b40e31c00 of 132 bytes failed: Only part of a ReadProcessMemory or WriteProcessMemory request was completed. (0x12B)
[0824/102159.099:ERROR:process_memory_win.cc(73)] ReadMemory at 0x28b40e32f00 of 132 bytes failed: Only part of a ReadProcessMemory or WriteProcessMemory request was completed. (0x12B)
[0824/102159.100:ERROR:process_memory_win.cc(73)] ReadMemory at 0x28b40e35cc0 of 132 bytes failed: Only part of a ReadProcessMemory or WriteProcessMemory request was completed. (0x12B)
[0824/102159.100:ERROR:process_memory_win.cc(73)] ReadMemory at 0x28b40e35df0 of 132 bytes failed: Only part of a ReadProcessMemory or WriteProcessMemory request was completed. (0x12B)
[0824/102159.100:ERROR:process_memory_win.cc(73)] ReadMemory at 0x28b40e35f70 of 132 bytes failed: Only part of a ReadProcessMemory or WriteProcessMemory request was completed. (0x12B)
[0824/102159.100:ERROR:process_memory_win.cc(73)] ReadMemory at 0x28b40e360a0 of 132 bytes failed: Only part of a ReadProcessMemory or WriteProcessMemory request was completed. (0x12B)
[0824/102159.100:ERROR:process_memory_win.cc(73)] ReadMemory at 0x28b40e36430 of 132 bytes failed: Only part of a ReadProcessMemory or WriteProcessMemory request was completed. (0x12B)
[0824/102159.100:ERROR:process_memory_win.cc(73)] ReadMemory at 0x28b40e367c0 of 132 bytes failed: Only part of a ReadProcessMemory or WriteProcessMemory request was completed. (0x12B)
[0824/102159.100:ERROR:process_memory_win.cc(73)] ReadMemory at 0x28b40e36c80 of 132 bytes failed: Only part of a ReadProcessMemory or WriteProcessMemory request was completed. (0x12B)
[0824/102159.100:ERROR:process_memory_win.cc(73)] ReadMemory at 0x28b40e36ee0 of 132 bytes failed: Only part of a ReadProcessMemory or WriteProcessMemory request was completed. (0x12B)
[0824/102159.100:ERROR:process_memory_win.cc(73)] ReadMemory at 0x28b40e37010 of 132 bytes failed: Only part of a ReadProcessMemory or WriteProcessMemory request was completed. (0x12B)
[0824/102159.100:ERROR:process_memory_win.cc(73)] ReadMemory at 0x28b40e37270 of 132 bytes failed: Only part of a ReadProcessMemory or WriteProcessMemory request was completed. (0x12B)
[0824/102159.100:ERROR:process_memory_win.cc(73)] ReadMemory at 0x28b40e373a0 of 132 bytes failed: Only part of a ReadProcessMemory or WriteProcessMemory request was completed. (0x12B)
[0824/102159.100:ERROR:process_memory_win.cc(73)] ReadMemory at 0x28b40e374d0 of 132 bytes failed: Only part of a ReadProcessMemory or WriteProcessMemory request was completed. (0x12B)
[0824/102159.101:ERROR:process_memory_win.cc(73)] ReadMemory at 0x28b40e37990 of 132 bytes failed: Only part of a ReadProcessMemory or WriteProcessMemory request was completed. (0x12B)
[0824/102159.101:ERROR:process_memory_win.cc(73)] ReadMemory at 0x28b40e37ac0 of 132 bytes failed: Only part of a ReadProcessMemory or WriteProcessMemory request was completed. (0x12B)
[0824/102159.101:ERROR:process_memory_win.cc(73)] ReadMemory at 0x28b40e37bf0 of 132 bytes failed: Only part of a ReadProcessMemory or WriteProcessMemory request was completed. (0x12B)
[0824/102159.101:ERROR:process_memory_win.cc(73)] ReadMemory at 0x28b40e37d20 of 132 bytes failed: Only part of a ReadProcessMemory or WriteProcessMemory request was completed. (0x12B)
[0824/102159.101:ERROR:process_memory_win.cc(73)] ReadMemory at 0x28b40e38650 of 512 bytes failed: Only part of a ReadProcessMemory or WriteProcessMemory request was completed. (0x12B)
[0824/102159.101:ERROR:process_memory_win.cc(73)] ReadMemory at 0x28b40e38e70 of 62 bytes failed: Only part of a ReadProcessMemory or WriteProcessMemory request was completed. (0x12B)
[0824/102159.101:ERROR:process_memory_win.cc(73)] ReadMemory at 0x28b40e39230 of 58 bytes failed: Only part of a ReadProcessMemory or WriteProcessMemory request was completed. (0x12B)
[0824/102159.101:ERROR:process_memory_win.cc(73)] ReadMemory at 0x28b40e39280 of 66 bytes failed: Only part of a ReadProcessMemory or WriteProcessMemory request was completed. (0x12B)
[0824/102159.101:ERROR:process_memory_win.cc(73)] ReadMemory at 0x28b40e39370 of 60 bytes failed: Only part of a ReadProcessMemory or WriteProcessMemory request was completed. (0x12B)
[0824/102159.101:ERROR:process_memory_win.cc(73)] ReadMemory at 0x28b40e394b0 of 64 bytes failed: Only part of a ReadProcessMemory or WriteProcessMemory request was completed. (0x12B)
[0824/102159.101:ERROR:process_memory_win.cc(73)] ReadMemory at 0x28b40e395a0 of 62 bytes failed: Only part of a ReadProcessMemory or WriteProcessMemory request was completed. (0x12B)
[0824/102159.101:ERROR:process_memory_win.cc(73)] ReadMemory at 0x28b40e39780 of 62 bytes failed: Only part of a ReadProcessMemory or WriteProcessMemory request was completed. (0x12B)
[0824/102159.102:ERROR:process_memory_win.cc(73)] ReadMemory at 0x28b40e39820 of 62 bytes failed: Only part of a ReadProcessMemory or WriteProcessMemory request was completed. (0x12B)
[0824/102159.102:ERROR:process_memory_win.cc(73)] ReadMemory at 0x28b40e39870 of 62 bytes failed: Only part of a ReadProcessMemory or WriteProcessMemory request was completed. (0x12B)
[0824/102159.102:ERROR:process_memory_win.cc(73)] ReadMemory at 0x28b40e398c0 of 60 bytes failed: Only part of a ReadProcessMemory or WriteProcessMemory request was completed. (0x12B)
[0824/102159.102:ERROR:process_memory_win.cc(73)] ReadMemory at 0x28b40e39910 of 64 bytes failed: Only part of a ReadProcessMemory or WriteProcessMemory request was completed. (0x12B)
[0824/102159.102:ERROR:process_memory_win.cc(73)] ReadMemory at 0x28b40e39be0 of 64 bytes failed: Only part of a ReadProcessMemory or WriteProcessMemory request was completed. (0x12B)
[0824/102159.102:ERROR:process_memory_win.cc(73)] ReadMemory at 0x28b40e506f0 of 512 bytes failed: Only part of a ReadProcessMemory or WriteProcessMemory request was completed. (0x12B)
[0824/102159.102:ERROR:process_memory_win.cc(73)] ReadMemory at 0x28b40fd85e0 of 512 bytes failed: Only part of a ReadProcessMemory or WriteProcessMemory request was completed. (0x12B)
[0824/102159.102:ERROR:process_memory_win.cc(73)] ReadMemory at 0x28b40ff30b0 of 712 bytes failed: Only part of a ReadProcessMemory or WriteProcessMemory request was completed. (0x12B)
[0824/102159.102:ERROR:process_memory_win.cc(73)] ReadMemory at 0x28b40ff45f0 of 512 bytes failed: Only part of a ReadProcessMemory or WriteProcessMemory request was completed. (0x12B)
[0824/102159.102:ERROR:process_memory_win.cc(73)] ReadMemory at 0x28b410aba90 of 512 bytes failed: Only part of a ReadProcessMemory or WriteProcessMemory request was completed. (0x12B)
[0824/102159.102:ERROR:process_memory_win.cc(73)] ReadMemory at 0x28b430508b8 of 512 bytes failed: Only part of a ReadProcessMemory or WriteProcessMemory request was completed. (0x12B)
[0824/102159.102:ERROR:process_memory_win.cc(73)] ReadMemory at 0x28b43051ea8 of 512 bytes failed: Only part of a ReadProcessMemory or WriteProcessMemory request was completed. (0x12B)
[0824/102159.103:ERROR:process_memory_win.cc(73)] ReadMemory at 0x28b430531d0 of 512 bytes failed: Only part of a ReadProcessMemory or WriteProcessMemory request was completed. (0x12B)
[0824/102159.103:ERROR:process_memory_win.cc(73)] ReadMemory at 0x28b431120b0 of 512 bytes failed: Only part of a ReadProcessMemory or WriteProcessMemory request was completed. (0x12B)
[0824/102159.103:ERROR:process_memory_win.cc(73)] ReadMemory at 0x28b4404b780 of 520 bytes failed: Only part of a ReadProcessMemory or WriteProcessMemory request was completed. (0x12B)
[0824/102159.103:ERROR:process_memory_win.cc(73)] ReadMemory at 0x28b45897610 of 512 bytes failed: Only part of a ReadProcessMemory or WriteProcessMemory request was completed. (0x12B)
[0824/102159.103:ERROR:process_memory_win.cc(73)] ReadMemory at 0x2c23d52c0451 of 512 bytes failed: Only part of a ReadProcessMemory or WriteProcessMemory request was completed. (0x12B)
[0824/102159.103:ERROR:process_memory_win.cc(73)] ReadMemory at 0x55fb841cdf59 of 575 bytes failed: Only part of a ReadProcessMemory or WriteProcessMemory request was completed. (0x12B)
[0824/102159.103:ERROR:process_memory_win.cc(73)] ReadMemory at 0x7ffd047d8cf4 of 512 bytes failed: Only part of a ReadProcessMemory or WriteProcessMemory request was completed. (0x12B)
[0824/102159.103:ERROR:process_memory_win.cc(73)] ReadMemory at 0x7ffd05c8a147 of 512 bytes failed: Only part of a ReadProcessMemory or WriteProcessMemory request was completed. (0x12B)
[0824/102159.103:ERROR:process_memory_win.cc(73)] ReadMemory at 0x7ffd061f4a1c of 512 bytes failed: Only part of a ReadProcessMemory or WriteProcessMemory request was completed. (0x12B)
[0824/102159.103:ERROR:process_memory_win.cc(73)] ReadMemory at 0x7ffd562ba308 of 512 bytes failed: Only part of a ReadProcessMemory or WriteProcessMemory request was completed. (0x12B)
[0824/102159.103:ERROR:process_memory_win.cc(73)] ReadMemory at 0x7ffd57330e00 of 512 bytes failed: Only part of a ReadProcessMemory or WriteProcessMemory request was completed. (0x12B)
[0824/102159.104:ERROR:process_memory_win.cc(73)] ReadMemory at 0x7ffd591e79f0 of 512 bytes failed: Only part of a ReadProcessMemory or WriteProcessMemory request was completed. (0x12B)
[0824/102159.104:ERROR:process_memory_win.cc(73)] ReadMemory at 0x7ffd591e82e0 of 512 bytes failed: Only part of a ReadProcessMemory or WriteProcessMemory request was completed. (0x12B)
[0824/102159.104:ERROR:process_memory_win.cc(73)] ReadMemory at 0x7ffd591ea0d0 of 512 bytes failed: Only part of a ReadProcessMemory or WriteProcessMemory request was completed. (0x12B)
[0824/102159.104:ERROR:process_memory_win.cc(73)] ReadMemory at 0x7ffd5925a9a4 of 672 bytes failed: Only part of a ReadProcessMemory or WriteProcessMemory request was completed. (0x12B)
[0824/102159.104:ERROR:process_memory_win.cc(73)] ReadMemory at 0x7ffd5925afa4 of 512 bytes failed: Only part of a ReadProcessMemory or WriteProcessMemory request was completed. (0x12B)
[0824/102159.104:ERROR:process_memory_win.cc(73)] ReadMemory at 0x7ffd5925e214 of 608 bytes failed: Only part of a ReadProcessMemory or WriteProcessMemory request was completed. (0x12B)
[0824/102159.104:ERROR:process_memory_win.cc(73)] ReadMemory at 0x7ffd592e01e0 of 18 bytes failed: Only part of a ReadProcessMemory or WriteProcessMemory request was completed. (0x12B)
[0824/102159.104:ERROR:process_memory_win.cc(73)] ReadMemory at 0x7ffd593165b0 of 40 bytes failed: Only part of a ReadProcessMemory or WriteProcessMemory request was completed. (0x12B)
[0824/102159.104:ERROR:process_memory_win.cc(73)] ReadMemory at 0x7ffd59316a08 of 48 bytes failed: Only part of a ReadProcessMemory or WriteProcessMemory request was completed. (0x12B)
[0824/102159.104:ERROR:process_memory_win.cc(73)] ReadMemory at 0x7ffd5931c360 of 64 bytes failed: Only part of a ReadProcessMemory or WriteProcessMemory request was completed. (0x12B)
[0824/102159.107:ERROR:scoped_process_suspend.cc(40)] NtResumeProcess: An attempt was made to access an exiting process. (0xc000010a)
[0824/125626.845:ERROR:process_reader_win.cc(108)] process 110240 not found
[0824/125626.867:ERROR:exception_snapshot_win.cc(98)] thread ID 24692 not found in process
[0824/125626.867:ERROR:scoped_process_suspend.cc(40)] NtResumeProcess: An attempt was made to access an exiting process. (0xc000010a)
[0826/123007.576:ERROR:process_info.cc(329)] VirtualQueryEx: Access is denied. (0x5)
[0826/123007.577:ERROR:process_info.cc(556)] ReadMemoryInfo failed
[0826/123007.577:ERROR:scoped_process_suspend.cc(40)] NtResumeProcess: An attempt was made to access an exiting process. (0xc000010a)
